-------------------------------------------------------------------------------
Test set: TestSuite
-------------------------------------------------------------------------------
Tests run: 1, Failures: 1, Errors: 0, Skipped: 0, Time elapsed: 16.511 s <<< FAILURE! - in TestSuite
testValidLogin(script.ValidLogin)  Time elapsed: 0.006 s  <<< FAILURE!
java.lang.NoClassDefFoundError: org/apache/poi/ss/usermodel/WorkbookFactory
	at script.ValidLogin.testValidLogin(ValidLogin.java:15)
Caused by: java.lang.ClassNotFoundException: org.apache.poi.ss.usermodel.WorkbookFactory
	at script.ValidLogin.testValidLogin(ValidLogin.java:15)

